# JRE version: OpenJDK Runtime Environment Temurin-17.0.9+9 (17.0.9+9) (build 17.0.9+9)
# Java VM: OpenJDK 64-Bit Server VM Temurin-17.0.9+9 (17.0.9+9, mixed mode, tiered, compressed oops, compressed class ptrs, parallel gc, windows-amd64)
GC Precious Log:
 CPUs: 8 total, 8 available
 Memory: 8034M
 Large Page Support: Disabled
 NUMA Support: Disabled
 Compressed Oops: Enabled (32-bit)
 Alignments: Space 512K, Generation 512K, Heap 2M
 Heap Min Capacity: 100M
 Heap Initial Capacity: 100M
 Heap Max Capacity: 1G
 Pre-touch: Disabled
 Parallel Workers: 8
Heap:
 PSYoungGen      total 20480K, used 10109K [0x00000000eab00000, 0x00000000ec000000, 0x0000000100000000)
  eden space 19968K, 48% used [0x00000000eab00000,0x00000000eb4876f8,0x00000000ebe80000)
  from space 512K, 68% used [0x00000000ebf00000,0x00000000ebf58010,0x00000000ebf80000)
  to   space 512K, 0% used [0x00000000ebf80000,0x00000000ebf80000,0x00000000ec000000)
 ParOldGen       total 68608K, used 42686K [0x00000000c0000000, 0x00000000c4300000, 0x00000000eab00000)
  object space 68608K, 62% used [0x00000000c0000000,0x00000000c29af9c8,0x00000000c4300000)
 Metaspace       used 65252K, committed 66368K, reserved 1114112K
  class space    used 7937K, committed 8448K, reserved 1048576K
GC Heap History (20 events):
Event: 12.866 GC heap before
{Heap before GC invocations=31 (full 3):
 PSYoungGen      total 20992K, used 20912K [0x00000000eab00000, 0x00000000ec180000, 0x0000000100000000)
  eden space 19968K, 100% used [0x00000000eab00000,0x00000000ebe80000,0x00000000ebe80000)
  from space 1024K, 92% used [0x00000000ebf00000,0x00000000ebfec3e8,0x00000000ec000000)
  to   space 1536K, 0% used [0x00000000ec000000,0x00000000ec000000,0x00000000ec180000)
 ParOldGen       total 68608K, used 37711K [0x00000000c0000000, 0x00000000c4300000, 0x00000000eab00000)
  object space 68608K, 54% used [0x00000000c0000000,0x00000000c24d3d10,0x00000000c4300000)
 Metaspace       used 63125K, committed 64192K, reserved 1114112K
  class space    used 7679K, committed 8128K, reserved 1048576K
}
Event: 12.866 GC heap after
{Heap after GC invocations=31 (full 3):
 PSYoungGen      total 20992K, used 673K [0x00000000eab00000, 0x00000000ec100000, 0x0000000100000000)
  eden space 19968K, 0% used [0x00000000eab00000,0x00000000eab00000,0x00000000ebe80000)
  from space 1024K, 65% used [0x00000000ec000000,0x00000000ec0a8478,0x00000000ec100000)
  to   space 1024K, 0% used [0x00000000ebf00000,0x00000000ebf00000,0x00000000ec000000)
 ParOldGen       total 68608K, used 37767K [0x00000000c0000000, 0x00000000c4300000, 0x00000000eab00000)
  object space 68608K, 55% used [0x00000000c0000000,0x00000000c24e1d10,0x00000000c4300000)
 Metaspace       used 63125K, committed 64192K, reserved 1114112K
  class space    used 7679K, committed 8128K, reserved 1048576K
}
Event: 13.125 GC heap before
{Heap before GC invocations=32 (full 3):
 PSYoungGen      total 20992K, used 20641K [0x00000000eab00000, 0x00000000ec100000, 0x0000000100000000)
  eden space 19968K, 100% used [0x00000000eab00000,0x00000000ebe80000,0x00000000ebe80000)
  from space 1024K, 65% used [0x00000000ec000000,0x00000000ec0a8478,0x00000000ec100000)
  to   space 1024K, 0% used [0x00000000ebf00000,0x00000000ebf00000,0x00000000ec000000)
 ParOldGen       total 68608K, used 37767K [0x00000000c0000000, 0x00000000c4300000, 0x00000000eab00000)
  object space 68608K, 55% used [0x00000000c0000000,0x00000000c24e1d10,0x00000000c4300000)
 Metaspace       used 63125K, committed 64192K, reserved 1114112K
  class space    used 7679K, committed 8128K, reserved 1048576K
}
Event: 13.126 GC heap after
{Heap after GC invocations=32 (full 3):
 PSYoungGen      total 20992K, used 631K [0x00000000eab00000, 0x00000000ec080000, 0x0000000100000000)
  eden space 19968K, 0% used [0x00000000eab00000,0x00000000eab00000,0x00000000ebe80000)
  from space 1024K, 61% used [0x00000000ebf00000,0x00000000ebf9dc58,0x00000000ec000000)
  to   space 512K, 0% used [0x00000000ec000000,0x00000000ec000000,0x00000000ec080000)
 ParOldGen       total 68608K, used 37783K [0x00000000c0000000, 0x00000000c4300000, 0x00000000eab00000)
  object space 68608K, 55% used [0x00000000c0000000,0x00000000c24e5d10,0x00000000c4300000)
 Metaspace       used 63125K, committed 64192K, reserved 1114112K
  class space    used 7679K, committed 8128K, reserved 1048576K
}
Event: 13.461 GC heap before
{Heap before GC invocations=33 (full 3):
 PSYoungGen      total 20992K, used 20599K [0x00000000eab00000, 0x00000000ec080000, 0x0000000100000000)
  eden space 19968K, 100% used [0x00000000eab00000,0x00000000ebe80000,0x00000000ebe80000)
  from space 1024K, 61% used [0x00000000ebf00000,0x00000000ebf9dc58,0x00000000ec000000)
  to   space 512K, 0% used [0x00000000ec000000,0x00000000ec000000,0x00000000ec080000)
 ParOldGen       total 68608K, used 37783K [0x00000000c0000000, 0x00000000c4300000, 0x00000000eab00000)
  object space 68608K, 55% used [0x00000000c0000000,0x00000000c24e5d10,0x00000000c4300000)
 Metaspace       used 63125K, committed 64192K, reserved 1114112K
  class space    used 7679K, committed 8128K, reserved 1048576K
}
Event: 13.461 GC heap after
{Heap after GC invocations=33 (full 3):
 PSYoungGen      total 20480K, used 320K [0x00000000eab00000, 0x00000000ec080000, 0x0000000100000000)
  eden space 19968K, 0% used [0x00000000eab00000,0x00000000eab00000,0x00000000ebe80000)
  from space 512K, 62% used [0x00000000ec000000,0x00000000ec050000,0x00000000ec080000)
  to   space 512K, 0% used [0x00000000ebf80000,0x00000000ebf80000,0x00000000ec000000)
 ParOldGen       total 68608K, used 37823K [0x00000000c0000000, 0x00000000c4300000, 0x00000000eab00000)
  object space 68608K, 55% used [0x00000000c0000000,0x00000000c24efd10,0x00000000c4300000)
 Metaspace       used 63125K, committed 64192K, reserved 1114112K
  class space    used 7679K, committed 8128K, reserved 1048576K
}
Event: 13.673 GC heap before
{Heap before GC invocations=34 (full 3):
 PSYoungGen      total 20480K, used 20288K [0x00000000eab00000, 0x00000000ec080000, 0x0000000100000000)
  eden space 19968K, 100% used [0x00000000eab00000,0x00000000ebe80000,0x00000000ebe80000)
  from space 512K, 62% used [0x00000000ec000000,0x00000000ec050000,0x00000000ec080000)
  to   space 512K, 0% used [0x00000000ebf80000,0x00000000ebf80000,0x00000000ec000000)
 ParOldGen       total 68608K, used 37823K [0x00000000c0000000, 0x00000000c4300000, 0x00000000eab00000)
  object space 68608K, 55% used [0x00000000c0000000,0x00000000c24efd10,0x00000000c4300000)
 Metaspace       used 63126K, committed 64192K, reserved 1114112K
  class space    used 7679K, committed 8128K, reserved 1048576K
}
Event: 13.674 GC heap after
{Heap after GC invocations=34 (full 3):
 PSYoungGen      total 20480K, used 243K [0x00000000eab00000, 0x00000000ec080000, 0x0000000100000000)
  eden space 19968K, 0% used [0x00000000eab00000,0x00000000eab00000,0x00000000ebe80000)
  from space 512K, 47% used [0x00000000ebf80000,0x00000000ebfbcdc8,0x00000000ec000000)
  to   space 512K, 0% used [0x00000000ec000000,0x00000000ec000000,0x00000000ec080000)
 ParOldGen       total 68608K, used 37855K [0x00000000c0000000, 0x00000000c4300000, 0x00000000eab00000)
  object space 68608K, 55% used [0x00000000c0000000,0x00000000c24f7d10,0x00000000c4300000)
 Metaspace       used 63126K, committed 64192K, reserved 1114112K
  class space    used 7679K, committed 8128K, reserved 1048576K
}
Event: 13.866 GC heap before
{Heap before GC invocations=35 (full 3):
 PSYoungGen      total 20480K, used 20211K [0x00000000eab00000, 0x00000000ec080000, 0x0000000100000000)
  eden space 19968K, 100% used [0x00000000eab00000,0x00000000ebe80000,0x00000000ebe80000)
  from space 512K, 47% used [0x00000000ebf80000,0x00000000ebfbcdc8,0x00000000ec000000)
  to   space 512K, 0% used [0x00000000ec000000,0x00000000ec000000,0x00000000ec080000)
 ParOldGen       total 68608K, used 37855K [0x00000000c0000000, 0x00000000c4300000, 0x00000000eab00000)
  object space 68608K, 55% used [0x00000000c0000000,0x00000000c24f7d10,0x00000000c4300000)
 Metaspace       used 63126K, committed 64192K, reserved 1114112K
  class space    used 7679K, committed 8128K, reserved 1048576K
}
Event: 13.866 GC heap after
{Heap after GC invocations=35 (full 3):
 PSYoungGen      total 20480K, used 224K [0x00000000eab00000, 0x00000000ec080000, 0x0000000100000000)
  eden space 19968K, 0% used [0x00000000eab00000,0x00000000eab00000,0x00000000ebe80000)
  from space 512K, 43% used [0x00000000ec000000,0x00000000ec038000,0x00000000ec080000)
  to   space 512K, 0% used [0x00000000ebf80000,0x00000000ebf80000,0x00000000ec000000)
 ParOldGen       total 68608K, used 37895K [0x00000000c0000000, 0x00000000c4300000, 0x00000000eab00000)
  object space 68608K, 55% used [0x00000000c0000000,0x00000000c2501d10,0x00000000c4300000)
 Metaspace       used 63126K, committed 64192K, reserved 1114112K
  class space    used 7679K, committed 8128K, reserved 1048576K
}
Event: 14.039 GC heap before
{Heap before GC invocations=36 (full 3):
 PSYoungGen      total 20480K, used 20192K [0x00000000eab00000, 0x00000000ec080000, 0x0000000100000000)
  eden space 19968K, 100% used [0x00000000eab00000,0x00000000ebe80000,0x00000000ebe80000)
  from space 512K, 43% used [0x00000000ec000000,0x00000000ec038000,0x00000000ec080000)
  to   space 512K, 0% used [0x00000000ebf80000,0x00000000ebf80000,0x00000000ec000000)
 ParOldGen       total 68608K, used 37895K [0x00000000c0000000, 0x00000000c4300000, 0x00000000eab00000)
  object space 68608K, 55% used [0x00000000c0000000,0x00000000c2501d10,0x00000000c4300000)
 Metaspace       used 63126K, committed 64192K, reserved 1114112K
  class space    used 7679K, committed 8128K, reserved 1048576K
}
Event: 14.039 GC heap after
{Heap after GC invocations=36 (full 3):
 PSYoungGen      total 20480K, used 465K [0x00000000eab00000, 0x00000000ec080000, 0x0000000100000000)
  eden space 19968K, 0% used [0x00000000eab00000,0x00000000eab00000,0x00000000ebe80000)
  from space 512K, 90% used [0x00000000ebf80000,0x00000000ebff4450,0x00000000ec000000)
  to   space 512K, 0% used [0x00000000ec000000,0x00000000ec000000,0x00000000ec080000)
 ParOldGen       total 68608K, used 37951K [0x00000000c0000000, 0x00000000c4300000, 0x00000000eab00000)
  object space 68608K, 55% used [0x00000000c0000000,0x00000000c250fd10,0x00000000c4300000)
 Metaspace       used 63126K, committed 64192K, reserved 1114112K
  class space    used 7679K, committed 8128K, reserved 1048576K
}
Event: 25.640 GC heap before
{Heap before GC invocations=37 (full 3):
 PSYoungGen      total 20480K, used 20433K [0x00000000eab00000, 0x00000000ec080000, 0x0000000100000000)
  eden space 19968K, 100% used [0x00000000eab00000,0x00000000ebe80000,0x00000000ebe80000)
  from space 512K, 90% used [0x00000000ebf80000,0x00000000ebff4450,0x00000000ec000000)
  to   space 512K, 0% used [0x00000000ec000000,0x00000000ec000000,0x00000000ec080000)
 ParOldGen       total 68608K, used 37951K [0x00000000c0000000, 0x00000000c4300000, 0x00000000eab00000)
  object space 68608K, 55% used [0x00000000c0000000,0x00000000c250fd10,0x00000000c4300000)
 Metaspace       used 64996K, committed 66048K, reserved 1114112K
  class space    used 7928K, committed 8384K, reserved 1048576K
}
Event: 25.642 GC heap after
{Heap after GC invocations=37 (full 3):
 PSYoungGen      total 20480K, used 512K [0x00000000eab00000, 0x00000000ec080000, 0x0000000100000000)
  eden space 19968K, 0% used [0x00000000eab00000,0x00000000eab00000,0x00000000ebe80000)
  from space 512K, 100% used [0x00000000ec000000,0x00000000ec080000,0x00000000ec080000)
  to   space 1024K, 0% used [0x00000000ebe80000,0x00000000ebe80000,0x00000000ebf80000)
 ParOldGen       total 68608K, used 38256K [0x00000000c0000000, 0x00000000c4300000, 0x00000000eab00000)
  object space 68608K, 55% used [0x00000000c0000000,0x00000000c255c358,0x00000000c4300000)
 Metaspace       used 64996K, committed 66048K, reserved 1114112K
  class space    used 7928K, committed 8384K, reserved 1048576K
}
Event: 32.891 GC heap before
{Heap before GC invocations=38 (full 3):
 PSYoungGen      total 20480K, used 19397K [0x00000000eab00000, 0x00000000ec080000, 0x0000000100000000)
  eden space 19968K, 94% used [0x00000000eab00000,0x00000000ebd71440,0x00000000ebe80000)
  from space 512K, 100% used [0x00000000ec000000,0x00000000ec080000,0x00000000ec080000)
  to   space 1024K, 0% used [0x00000000ebe80000,0x00000000ebe80000,0x00000000ebf80000)
 ParOldGen       total 68608K, used 38256K [0x00000000c0000000, 0x00000000c4300000, 0x00000000eab00000)
  object space 68608K, 55% used [0x00000000c0000000,0x00000000c255c358,0x00000000c4300000)
 Metaspace       used 65104K, committed 66176K, reserved 1114112K
  class space    used 7928K, committed 8384K, reserved 1048576K
}
Event: 32.895 GC heap after
{Heap after GC invocations=38 (full 3):
 PSYoungGen      total 20992K, used 480K [0x00000000eab00000, 0x00000000ec080000, 0x0000000100000000)
  eden space 19968K, 0% used [0x00000000eab00000,0x00000000eab00000,0x00000000ebe80000)
  from space 1024K, 46% used [0x00000000ebe80000,0x00000000ebef8000,0x00000000ebf80000)
  to   space 1024K, 0% used [0x00000000ebf80000,0x00000000ebf80000,0x00000000ec080000)
 ParOldGen       total 68608K, used 39828K [0x00000000c0000000, 0x00000000c4300000, 0x00000000eab00000)
  object space 68608K, 58% used [0x00000000c0000000,0x00000000c26e53c8,0x00000000c4300000)
 Metaspace       used 65104K, committed 66176K, reserved 1114112K
  class space    used 7928K, committed 8384K, reserved 1048576K
}
Event: 33.089 GC heap before
{Heap before GC invocations=39 (full 3):
 PSYoungGen      total 20992K, used 19853K [0x00000000eab00000, 0x00000000ec080000, 0x0000000100000000)
  eden space 19968K, 97% used [0x00000000eab00000,0x00000000ebdeb7e0,0x00000000ebe80000)
  from space 1024K, 46% used [0x00000000ebe80000,0x00000000ebef8000,0x00000000ebf80000)
  to   space 1024K, 0% used [0x00000000ebf80000,0x00000000ebf80000,0x00000000ec080000)
 ParOldGen       total 68608K, used 39828K [0x00000000c0000000, 0x00000000c4300000, 0x00000000eab00000)
  object space 68608K, 58% used [0x00000000c0000000,0x00000000c26e53c8,0x00000000c4300000)
 Metaspace       used 65140K, committed 66240K, reserved 1114112K
  class space    used 7934K, committed 8448K, reserved 1048576K
}
Event: 33.093 GC heap after
{Heap after GC invocations=39 (full 3):
 PSYoungGen      total 20480K, used 352K [0x00000000eab00000, 0x00000000ec000000, 0x0000000100000000)
  eden space 19968K, 0% used [0x00000000eab00000,0x00000000eab00000,0x00000000ebe80000)
  from space 512K, 68% used [0x00000000ebf80000,0x00000000ebfd8000,0x00000000ec000000)
  to   space 512K, 0% used [0x00000000ebf00000,0x00000000ebf00000,0x00000000ebf80000)
 ParOldGen       total 68608K, used 42118K [0x00000000c0000000, 0x00000000c4300000, 0x00000000eab00000)
  object space 68608K, 61% used [0x00000000c0000000,0x00000000c29219b0,0x00000000c4300000)
 Metaspace       used 65140K, committed 66240K, reserved 1114112K
  class space    used 7934K, committed 8448K, reserved 1048576K
}
Event: 33.466 GC heap before
{Heap before GC invocations=40 (full 3):
 PSYoungGen      total 20480K, used 20259K [0x00000000eab00000, 0x00000000ec000000, 0x0000000100000000)
  eden space 19968K, 99% used [0x00000000eab00000,0x00000000ebe70fc0,0x00000000ebe80000)
  from space 512K, 68% used [0x00000000ebf80000,0x00000000ebfd8000,0x00000000ec000000)
  to   space 512K, 0% used [0x00000000ebf00000,0x00000000ebf00000,0x00000000ebf80000)
 ParOldGen       total 68608K, used 42118K [0x00000000c0000000, 0x00000000c4300000, 0x00000000eab00000)
  object space 68608K, 61% used [0x00000000c0000000,0x00000000c29219b0,0x00000000c4300000)
 Metaspace       used 65252K, committed 66368K, reserved 1114112K
  class space    used 7937K, committed 8448K, reserved 1048576K
}
Event: 33.467 GC heap after
{Heap after GC invocations=40 (full 3):
 PSYoungGen      total 20480K, used 352K [0x00000000eab00000, 0x00000000ec000000, 0x0000000100000000)
  eden space 19968K, 0% used [0x00000000eab00000,0x00000000eab00000,0x00000000ebe80000)
  from space 512K, 68% used [0x00000000ebf00000,0x00000000ebf58010,0x00000000ebf80000)
  to   space 512K, 0% used [0x00000000ebf80000,0x00000000ebf80000,0x00000000ec000000)
 ParOldGen       total 68608K, used 42686K [0x00000000c0000000, 0x00000000c4300000, 0x00000000eab00000)
  object space 68608K, 62% used [0x00000000c0000000,0x00000000c29af9c8,0x00000000c4300000)
 Metaspace       used 65252K, committed 66368K, reserved 1114112K
  class space    used 7937K, committed 8448K, reserved 1048576K
}

