# JRE version: Java(TM) SE Runtime Environment (8.0_51-b16) (build 1.8.0_51-b16)
# Java VM: Java HotSpot(TM) 64-Bit Server VM (25.51-b03 mixed mode windows-amd64 compressed oops)
Heap:
 PSYoungGen      total 276992K, used 39626K [0x00000000e0000000, 0x00000000f2280000, 0x0000000100000000)
  eden space 261120K, 11% used [0x00000000e0000000,0x00000000e1c5cbd0,0x00000000eff00000)
  from space 15872K, 66% used [0x00000000eff00000,0x00000000f0955c80,0x00000000f0e80000)
  to   space 15872K, 0% used [0x00000000f0e80000,0x00000000f0e80000,0x00000000f1e00000)
 ParOldGen       total 141824K, used 38558K [0x00000000a0000000, 0x00000000a8a80000, 0x00000000e0000000)
  object space 141824K, 27% used [0x00000000a0000000,0x00000000a25a7a90,0x00000000a8a80000)
 Metaspace       used 58402K, capacity 62338K, committed 62680K, reserved 1103872K
  class space    used 8069K, capacity 8801K, committed 8960K, reserved 1048576K
GC Heap History (10 events):
Event: 2028.052 GC heap before
{Heap before GC invocations=16 (full 2):
 PSYoungGen      total 187904K, used 187883K [0x00000000e0000000, 0x00000000eee80000, 0x0000000100000000)
  eden space 174592K, 100% used [0x00000000e0000000,0x00000000eaa80000,0x00000000eaa80000)
  from space 13312K, 99% used [0x00000000eaa80000,0x00000000eb77ae50,0x00000000eb780000)
  to   space 15360K, 0% used [0x00000000edf80000,0x00000000edf80000,0x00000000eee80000)
 ParOldGen       total 89600K, used 25924K [0x00000000a0000000, 0x00000000a5780000, 0x00000000e0000000)
  object space 89600K, 28% used [0x00000000a0000000,0x00000000a1951080,0x00000000a5780000)
 Metaspace       used 52948K, capacity 56924K, committed 56960K, reserved 1097728K
  class space    used 7564K, capacity 8320K, committed 8320K, reserved 1048576K
Event: 2028.094 GC heap after
Heap after GC invocations=16 (full 2):
 PSYoungGen      total 227840K, used 11815K [0x00000000e0000000, 0x00000000eee80000, 0x0000000100000000)
  eden space 212480K, 0% used [0x00000000e0000000,0x00000000e0000000,0x00000000ecf80000)
  from space 15360K, 76% used [0x00000000edf80000,0x00000000eeb09e28,0x00000000eee80000)
  to   space 15872K, 0% used [0x00000000ecf80000,0x00000000ecf80000,0x00000000edf00000)
 ParOldGen       total 89600K, used 38447K [0x00000000a0000000, 0x00000000a5780000, 0x00000000e0000000)
  object space 89600K, 42% used [0x00000000a0000000,0x00000000a258bec8,0x00000000a5780000)
 Metaspace       used 52948K, capacity 56924K, committed 56960K, reserved 1097728K
  class space    used 7564K, capacity 8320K, committed 8320K, reserved 1048576K
}
Event: 2029.106 GC heap before
{Heap before GC invocations=17 (full 2):
 PSYoungGen      total 227840K, used 46893K [0x00000000e0000000, 0x00000000eee80000, 0x0000000100000000)
  eden space 212480K, 16% used [0x00000000e0000000,0x00000000e2241970,0x00000000ecf80000)
  from space 15360K, 76% used [0x00000000edf80000,0x00000000eeb09e28,0x00000000eee80000)
  to   space 15872K, 0% used [0x00000000ecf80000,0x00000000ecf80000,0x00000000edf00000)
 ParOldGen       total 89600K, used 38447K [0x00000000a0000000, 0x00000000a5780000, 0x00000000e0000000)
  object space 89600K, 42% used [0x00000000a0000000,0x00000000a258bec8,0x00000000a5780000)
 Metaspace       used 55050K, capacity 58966K, committed 59096K, reserved 1099776K
  class space    used 7840K, capacity 8614K, committed 8704K, reserved 1048576K
Event: 2029.122 GC heap after
Heap after GC invocations=17 (full 2):
 PSYoungGen      total 228352K, used 10067K [0x00000000e0000000, 0x00000000f1e00000, 0x0000000100000000)
  eden space 212480K, 0% used [0x00000000e0000000,0x00000000e0000000,0x00000000ecf80000)
  from space 15872K, 63% used [0x00000000ecf80000,0x00000000ed954de8,0x00000000edf00000)
  to   space 15872K, 0% used [0x00000000f0e80000,0x00000000f0e80000,0x00000000f1e00000)
 ParOldGen       total 89600K, used 38455K [0x00000000a0000000, 0x00000000a5780000, 0x00000000e0000000)
  object space 89600K, 42% used [0x00000000a0000000,0x00000000a258dec8,0x00000000a5780000)
 Metaspace       used 55050K, capacity 58966K, committed 59096K, reserved 1099776K
  class space    used 7840K, capacity 8614K, committed 8704K, reserved 1048576K
}
Event: 2029.122 GC heap before
{Heap before GC invocations=18 (full 3):
 PSYoungGen      total 228352K, used 10067K [0x00000000e0000000, 0x00000000f1e00000, 0x0000000100000000)
  eden space 212480K, 0% used [0x00000000e0000000,0x00000000e0000000,0x00000000ecf80000)
  from space 15872K, 63% used [0x00000000ecf80000,0x00000000ed954de8,0x00000000edf00000)
  to   space 15872K, 0% used [0x00000000f0e80000,0x00000000f0e80000,0x00000000f1e00000)
 ParOldGen       total 89600K, used 38455K [0x00000000a0000000, 0x00000000a5780000, 0x00000000e0000000)
  object space 89600K, 42% used [0x00000000a0000000,0x00000000a258dec8,0x00000000a5780000)
 Metaspace       used 55050K, capacity 58966K, committed 59096K, reserved 1099776K
  class space    used 7840K, capacity 8614K, committed 8704K, reserved 1048576K
Event: 2029.471 GC heap after
Heap after GC invocations=18 (full 3):
 PSYoungGen      total 228352K, used 0K [0x00000000e0000000, 0x00000000f1e00000, 0x0000000100000000)
  eden space 212480K, 0% used [0x00000000e0000000,0x00000000e0000000,0x00000000ecf80000)
  from space 15872K, 0% used [0x00000000ecf80000,0x00000000ecf80000,0x00000000edf00000)
  to   space 15872K, 0% used [0x00000000f0e80000,0x00000000f0e80000,0x00000000f1e00000)
 ParOldGen       total 141824K, used 38478K [0x00000000a0000000, 0x00000000a8a80000, 0x00000000e0000000)
  object space 141824K, 27% used [0x00000000a0000000,0x00000000a2593a80,0x00000000a8a80000)
 Metaspace       used 54139K, capacity 57588K, committed 59096K, reserved 1099776K
  class space    used 7634K, capacity 8256K, committed 8704K, reserved 1048576K
}
Event: 2037.797 GC heap before
{Heap before GC invocations=19 (full 3):
 PSYoungGen      total 228352K, used 212480K [0x00000000e0000000, 0x00000000f1e00000, 0x0000000100000000)
  eden space 212480K, 100% used [0x00000000e0000000,0x00000000ecf80000,0x00000000ecf80000)
  from space 15872K, 0% used [0x00000000ecf80000,0x00000000ecf80000,0x00000000edf00000)
  to   space 15872K, 0% used [0x00000000f0e80000,0x00000000f0e80000,0x00000000f1e00000)
 ParOldGen       total 141824K, used 38478K [0x00000000a0000000, 0x00000000a8a80000, 0x00000000e0000000)
  object space 141824K, 27% used [0x00000000a0000000,0x00000000a2593a80,0x00000000a8a80000)
 Metaspace       used 57709K, capacity 61326K, committed 62040K, reserved 1101824K
  class space    used 7975K, capacity 8631K, committed 8832K, reserved 1048576K
Event: 2037.815 GC heap after
Heap after GC invocations=19 (full 3):
 PSYoungGen      total 276992K, used 10413K [0x00000000e0000000, 0x00000000f2280000, 0x0000000100000000)
  eden space 261120K, 0% used [0x00000000e0000000,0x00000000e0000000,0x00000000eff00000)
  from space 15872K, 65% used [0x00000000f0e80000,0x00000000f18ab520,0x00000000f1e00000)
  to   space 15872K, 0% used [0x00000000eff00000,0x00000000eff00000,0x00000000f0e80000)
 ParOldGen       total 141824K, used 38550K [0x00000000a0000000, 0x00000000a8a80000, 0x00000000e0000000)
  object space 141824K, 27% used [0x00000000a0000000,0x00000000a25a5a90,0x00000000a8a80000)
 Metaspace       used 57709K, capacity 61326K, committed 62040K, reserved 1101824K
  class space    used 7975K, capacity 8631K, committed 8832K, reserved 1048576K
}
Event: 2040.586 GC heap before
{Heap before GC invocations=20 (full 3):
 PSYoungGen      total 276992K, used 271533K [0x00000000e0000000, 0x00000000f2280000, 0x0000000100000000)
  eden space 261120K, 100% used [0x00000000e0000000,0x00000000eff00000,0x00000000eff00000)
  from space 15872K, 65% used [0x00000000f0e80000,0x00000000f18ab520,0x00000000f1e00000)
  to   space 15872K, 0% used [0x00000000eff00000,0x00000000eff00000,0x00000000f0e80000)
 ParOldGen       total 141824K, used 38550K [0x00000000a0000000, 0x00000000a8a80000, 0x00000000e0000000)
  object space 141824K, 27% used [0x00000000a0000000,0x00000000a25a5a90,0x00000000a8a80000)
 Metaspace       used 58272K, capacity 62146K, committed 62680K, reserved 1103872K
  class space    used 8050K, capacity 8769K, committed 8960K, reserved 1048576K
Event: 2040.650 GC heap after
Heap after GC invocations=20 (full 3):
 PSYoungGen      total 276992K, used 10583K [0x00000000e0000000, 0x00000000f2280000, 0x0000000100000000)
  eden space 261120K, 0% used [0x00000000e0000000,0x00000000e0000000,0x00000000eff00000)
  from space 15872K, 66% used [0x00000000eff00000,0x00000000f0955c80,0x00000000f0e80000)
  to   space 15872K, 0% used [0x00000000f0e80000,0x00000000f0e80000,0x00000000f1e00000)
 ParOldGen       total 141824K, used 38558K [0x00000000a0000000, 0x00000000a8a80000, 0x00000000e0000000)
  object space 141824K, 27% used [0x00000000a0000000,0x00000000a25a7a90,0x00000000a8a80000)
 Metaspace       used 58272K, capacity 62146K, committed 62680K, reserved 1103872K
  class space    used 8050K, capacity 8769K, committed 8960K, reserved 1048576K
}

