# JRE version: OpenJDK Runtime Environment (17.0.6) (build 17.0.6+0-b2043.56-10027231)
# Java VM: OpenJDK 64-Bit Server VM (17.0.6+0-b2043.56-10027231, mixed mode, tiered, compressed oops, compressed class ptrs, g1 gc, windows-amd64)
GC Precious Log:
 CPUs: 8 total, 8 available
 Memory: 8034M
 Large Page Support: Disabled
 NUMA Support: Disabled
 Compressed Oops: Enabled (32-bit)
 Heap Region Size: 1M
 Heap Min Capacity: 8M
 Heap Initial Capacity: 126M
 Heap Max Capacity: 1536M
 Pre-touch: Disabled
 Parallel Workers: 8
 Concurrent Workers: 2
 Concurrent Refinement Workers: 8
 Periodic GC: Disabled
Heap:
 garbage-first heap   total 263168K, used 109010K [0x00000000a0000000, 0x0000000100000000)
  region size 1024K, 54 young (55296K), 6 survivors (6144K)
 Metaspace       used 67335K, committed 67840K, reserved 1114112K
  class space    used 8503K, committed 8768K, reserved 1048576K
GC Heap History (20 events):
Event: 60.158 GC heap before
{Heap before GC invocations=46 (full 0):
 garbage-first heap   total 219136K, used 182801K [0x00000000a0000000, 0x0000000100000000)
  region size 1024K, 128 young (131072K), 4 survivors (4096K)
 Metaspace       used 67309K, committed 67840K, reserved 1114112K
  class space    used 8503K, committed 8768K, reserved 1048576K
}
Event: 60.161 GC heap after
{Heap after GC invocations=47 (full 0):
 garbage-first heap   total 219136K, used 58041K [0x00000000a0000000, 0x0000000100000000)
  region size 1024K, 5 young (5120K), 5 survivors (5120K)
 Metaspace       used 67309K, committed 67840K, reserved 1114112K
  class space    used 8503K, committed 8768K, reserved 1048576K
}
Event: 60.320 GC heap before
{Heap before GC invocations=47 (full 0):
 garbage-first heap   total 219136K, used 182969K [0x00000000a0000000, 0x0000000100000000)
  region size 1024K, 128 young (131072K), 5 survivors (5120K)
 Metaspace       used 67314K, committed 67840K, reserved 1114112K
  class space    used 8503K, committed 8768K, reserved 1048576K
}
Event: 60.324 GC heap after
{Heap after GC invocations=48 (full 0):
 garbage-first heap   total 219136K, used 59060K [0x00000000a0000000, 0x0000000100000000)
  region size 1024K, 6 young (6144K), 6 survivors (6144K)
 Metaspace       used 67314K, committed 67840K, reserved 1114112K
  class space    used 8503K, committed 8768K, reserved 1048576K
}
Event: 60.495 GC heap before
{Heap before GC invocations=48 (full 0):
 garbage-first heap   total 219136K, used 182964K [0x00000000a0000000, 0x0000000100000000)
  region size 1024K, 128 young (131072K), 6 survivors (6144K)
 Metaspace       used 67314K, committed 67840K, reserved 1114112K
  class space    used 8503K, committed 8768K, reserved 1048576K
}
Event: 60.499 GC heap after
{Heap after GC invocations=49 (full 0):
 garbage-first heap   total 219136K, used 59299K [0x00000000a0000000, 0x0000000100000000)
  region size 1024K, 7 young (7168K), 7 survivors (7168K)
 Metaspace       used 67314K, committed 67840K, reserved 1114112K
  class space    used 8503K, committed 8768K, reserved 1048576K
}
Event: 60.676 GC heap before
{Heap before GC invocations=49 (full 0):
 garbage-first heap   total 219136K, used 190371K [0x00000000a0000000, 0x0000000100000000)
  region size 1024K, 128 young (131072K), 7 survivors (7168K)
 Metaspace       used 67317K, committed 67840K, reserved 1114112K
  class space    used 8503K, committed 8768K, reserved 1048576K
}
Event: 60.681 GC heap after
{Heap after GC invocations=50 (full 0):
 garbage-first heap   total 219136K, used 61502K [0x00000000a0000000, 0x0000000100000000)
  region size 1024K, 6 young (6144K), 6 survivors (6144K)
 Metaspace       used 67317K, committed 67840K, reserved 1114112K
  class space    used 8503K, committed 8768K, reserved 1048576K
}
Event: 60.875 GC heap before
{Heap before GC invocations=50 (full 0):
 garbage-first heap   total 219136K, used 185406K [0x00000000a0000000, 0x0000000100000000)
  region size 1024K, 128 young (131072K), 6 survivors (6144K)
 Metaspace       used 67318K, committed 67840K, reserved 1114112K
  class space    used 8503K, committed 8768K, reserved 1048576K
}
Event: 60.879 GC heap after
{Heap after GC invocations=51 (full 0):
 garbage-first heap   total 263168K, used 60204K [0x00000000a0000000, 0x0000000100000000)
  region size 1024K, 5 young (5120K), 5 survivors (5120K)
 Metaspace       used 67318K, committed 67840K, reserved 1114112K
  class space    used 8503K, committed 8768K, reserved 1048576K
}
Event: 61.136 GC heap before
{Heap before GC invocations=51 (full 0):
 garbage-first heap   total 263168K, used 211756K [0x00000000a0000000, 0x0000000100000000)
  region size 1024K, 154 young (157696K), 5 survivors (5120K)
 Metaspace       used 67324K, committed 67840K, reserved 1114112K
  class space    used 8503K, committed 8768K, reserved 1048576K
}
Event: 61.139 GC heap after
{Heap after GC invocations=52 (full 0):
 garbage-first heap   total 263168K, used 59970K [0x00000000a0000000, 0x0000000100000000)
  region size 1024K, 4 young (4096K), 4 survivors (4096K)
 Metaspace       used 67324K, committed 67840K, reserved 1114112K
  class space    used 8503K, committed 8768K, reserved 1048576K
}
Event: 61.304 GC heap before
{Heap before GC invocations=52 (full 0):
 garbage-first heap   total 263168K, used 212546K [0x00000000a0000000, 0x0000000100000000)
  region size 1024K, 154 young (157696K), 4 survivors (4096K)
 Metaspace       used 67329K, committed 67840K, reserved 1114112K
  class space    used 8503K, committed 8768K, reserved 1048576K
}
Event: 61.309 GC heap after
{Heap after GC invocations=53 (full 0):
 garbage-first heap   total 263168K, used 60089K [0x00000000a0000000, 0x0000000100000000)
  region size 1024K, 4 young (4096K), 4 survivors (4096K)
 Metaspace       used 67329K, committed 67840K, reserved 1114112K
  class space    used 8503K, committed 8768K, reserved 1048576K
}
Event: 61.530 GC heap before
{Heap before GC invocations=53 (full 0):
 garbage-first heap   total 263168K, used 212665K [0x00000000a0000000, 0x0000000100000000)
  region size 1024K, 154 young (157696K), 4 survivors (4096K)
 Metaspace       used 67335K, committed 67840K, reserved 1114112K
  class space    used 8503K, committed 8768K, reserved 1048576K
}
Event: 61.534 GC heap after
{Heap after GC invocations=54 (full 0):
 garbage-first heap   total 263168K, used 60821K [0x00000000a0000000, 0x0000000100000000)
  region size 1024K, 5 young (5120K), 5 survivors (5120K)
 Metaspace       used 67335K, committed 67840K, reserved 1114112K
  class space    used 8503K, committed 8768K, reserved 1048576K
}
Event: 61.885 GC heap before
{Heap before GC invocations=54 (full 0):
 garbage-first heap   total 263168K, used 212373K [0x00000000a0000000, 0x0000000100000000)
  region size 1024K, 154 young (157696K), 5 survivors (5120K)
 Metaspace       used 67335K, committed 67840K, reserved 1114112K
  class space    used 8503K, committed 8768K, reserved 1048576K
}
Event: 61.889 GC heap after
{Heap after GC invocations=55 (full 0):
 garbage-first heap   total 263168K, used 60275K [0x00000000a0000000, 0x0000000100000000)
  region size 1024K, 5 young (5120K), 5 survivors (5120K)
 Metaspace       used 67335K, committed 67840K, reserved 1114112K
  class space    used 8503K, committed 8768K, reserved 1048576K
}
Event: 62.214 GC heap before
{Heap before GC invocations=55 (full 0):
 garbage-first heap   total 263168K, used 211827K [0x00000000a0000000, 0x0000000100000000)
  region size 1024K, 154 young (157696K), 5 survivors (5120K)
 Metaspace       used 67335K, committed 67840K, reserved 1114112K
  class space    used 8503K, committed 8768K, reserved 1048576K
}
Event: 62.217 GC heap after
{Heap after GC invocations=56 (full 0):
 garbage-first heap   total 263168K, used 61906K [0x00000000a0000000, 0x0000000100000000)
  region size 1024K, 6 young (6144K), 6 survivors (6144K)
 Metaspace       used 67335K, committed 67840K, reserved 1114112K
  class space    used 8503K, committed 8768K, reserved 1048576K
}

