# JRE version: OpenJDK Runtime Environment (17.0.6) (build 17.0.6+0-b2043.56-10027231)
# Java VM: OpenJDK 64-Bit Server VM (17.0.6+0-b2043.56-10027231, mixed mode, tiered, compressed oops, compressed class ptrs, g1 gc, windows-amd64)
GC Precious Log:
 CPUs: 8 total, 8 available
 Memory: 8034M
 Large Page Support: Disabled
 NUMA Support: Disabled
 Compressed Oops: Enabled (32-bit)
 Heap Region Size: 1M
 Heap Min Capacity: 8M
 Heap Initial Capacity: 126M
 Heap Max Capacity: 1536M
 Pre-touch: Disabled
 Parallel Workers: 8
 Concurrent Workers: 2
 Concurrent Refinement Workers: 8
 Periodic GC: Disabled
Heap:
 garbage-first heap   total 65536K, used 35230K [0x00000000a0000000, 0x0000000100000000)
  region size 1024K, 11 young (11264K), 3 survivors (3072K)
 Metaspace       used 46148K, committed 46528K, reserved 1089536K
  class space    used 6112K, committed 6272K, reserved 1048576K
GC Heap History (20 events):
Event: 2.097 GC heap before
{Heap before GC invocations=0 (full 0):
 garbage-first heap   total 129024K, used 28672K [0x00000000a0000000, 0x0000000100000000)
  region size 1024K, 23 young (23552K), 0 survivors (0K)
 Metaspace       used 10235K, committed 10432K, reserved 1064960K
  class space    used 1057K, committed 1152K, reserved 1048576K
}
Event: 2.113 GC heap after
{Heap after GC invocations=1 (full 0):
 garbage-first heap   total 129024K, used 9557K [0x00000000a0000000, 0x0000000100000000)
  region size 1024K, 3 young (3072K), 3 survivors (3072K)
 Metaspace       used 10235K, committed 10432K, reserved 1064960K
  class space    used 1057K, committed 1152K, reserved 1048576K
}
Event: 3.469 GC heap before
{Heap before GC invocations=1 (full 0):
 garbage-first heap   total 129024K, used 37205K [0x00000000a0000000, 0x0000000100000000)
  region size 1024K, 30 young (30720K), 3 survivors (3072K)
 Metaspace       used 11188K, committed 11392K, reserved 1064960K
  class space    used 1160K, committed 1280K, reserved 1048576K
}
Event: 3.476 GC heap after
{Heap after GC invocations=2 (full 0):
 garbage-first heap   total 129024K, used 13074K [0x00000000a0000000, 0x0000000100000000)
  region size 1024K, 4 young (4096K), 4 survivors (4096K)
 Metaspace       used 11188K, committed 11392K, reserved 1064960K
  class space    used 1160K, committed 1280K, reserved 1048576K
}
Event: 8.058 GC heap before
{Heap before GC invocations=2 (full 0):
 garbage-first heap   total 129024K, used 56082K [0x00000000a0000000, 0x0000000100000000)
  region size 1024K, 47 young (48128K), 4 survivors (4096K)
 Metaspace       used 21320K, committed 21504K, reserved 1073152K
  class space    used 2591K, committed 2688K, reserved 1048576K
}
Event: 8.068 GC heap after
{Heap after GC invocations=3 (full 0):
 garbage-first heap   total 129024K, used 17730K [0x00000000a0000000, 0x0000000100000000)
  region size 1024K, 8 young (8192K), 8 survivors (8192K)
 Metaspace       used 21320K, committed 21504K, reserved 1073152K
  class space    used 2591K, committed 2688K, reserved 1048576K
}
Event: 10.295 GC heap before
{Heap before GC invocations=4 (full 0):
 garbage-first heap   total 65536K, used 48450K [0x00000000a0000000, 0x0000000100000000)
  region size 1024K, 38 young (38912K), 8 survivors (8192K)
 Metaspace       used 26353K, committed 26624K, reserved 1073152K
  class space    used 3450K, committed 3584K, reserved 1048576K
}
Event: 10.306 GC heap after
{Heap after GC invocations=5 (full 0):
 garbage-first heap   total 65536K, used 19673K [0x00000000a0000000, 0x0000000100000000)
  region size 1024K, 3 young (3072K), 3 survivors (3072K)
 Metaspace       used 26353K, committed 26624K, reserved 1073152K
  class space    used 3450K, committed 3584K, reserved 1048576K
}
Event: 12.323 GC heap before
{Heap before GC invocations=5 (full 0):
 garbage-first heap   total 65536K, used 44249K [0x00000000a0000000, 0x0000000100000000)
  region size 1024K, 27 young (27648K), 3 survivors (3072K)
 Metaspace       used 30164K, committed 30464K, reserved 1081344K
  class space    used 4067K, committed 4160K, reserved 1048576K
}
Event: 12.327 GC heap after
{Heap after GC invocations=6 (full 0):
 garbage-first heap   total 65536K, used 20707K [0x00000000a0000000, 0x0000000100000000)
  region size 1024K, 4 young (4096K), 4 survivors (4096K)
 Metaspace       used 30164K, committed 30464K, reserved 1081344K
  class space    used 4067K, committed 4160K, reserved 1048576K
}
Event: 14.441 GC heap before
{Heap before GC invocations=6 (full 0):
 garbage-first heap   total 65536K, used 46307K [0x00000000a0000000, 0x0000000100000000)
  region size 1024K, 29 young (29696K), 4 survivors (4096K)
 Metaspace       used 35205K, committed 35456K, reserved 1081344K
  class space    used 4682K, committed 4800K, reserved 1048576K
}
Event: 14.450 GC heap after
{Heap after GC invocations=7 (full 0):
 garbage-first heap   total 65536K, used 23041K [0x00000000a0000000, 0x0000000100000000)
  region size 1024K, 4 young (4096K), 4 survivors (4096K)
 Metaspace       used 35205K, committed 35456K, reserved 1081344K
  class space    used 4682K, committed 4800K, reserved 1048576K
}
Event: 14.551 GC heap before
{Heap before GC invocations=7 (full 0):
 garbage-first heap   total 65536K, used 23041K [0x00000000a0000000, 0x0000000100000000)
  region size 1024K, 5 young (5120K), 4 survivors (4096K)
 Metaspace       used 35675K, committed 35968K, reserved 1081344K
  class space    used 4719K, committed 4864K, reserved 1048576K
}
Event: 14.556 GC heap after
{Heap after GC invocations=8 (full 0):
 garbage-first heap   total 65536K, used 23297K [0x00000000a0000000, 0x0000000100000000)
  region size 1024K, 1 young (1024K), 1 survivors (1024K)
 Metaspace       used 35675K, committed 35968K, reserved 1081344K
  class space    used 4719K, committed 4864K, reserved 1048576K
}
Event: 15.791 GC heap before
{Heap before GC invocations=9 (full 0):
 garbage-first heap   total 65536K, used 47873K [0x00000000a0000000, 0x0000000100000000)
  region size 1024K, 26 young (26624K), 1 survivors (1024K)
 Metaspace       used 38541K, committed 38848K, reserved 1089536K
  class space    used 5055K, committed 5184K, reserved 1048576K
}
Event: 15.795 GC heap after
{Heap after GC invocations=10 (full 0):
 garbage-first heap   total 65536K, used 25784K [0x00000000a0000000, 0x0000000100000000)
  region size 1024K, 3 young (3072K), 3 survivors (3072K)
 Metaspace       used 38541K, committed 38848K, reserved 1089536K
  class space    used 5055K, committed 5184K, reserved 1048576K
}
Event: 17.647 GC heap before
{Heap before GC invocations=10 (full 0):
 garbage-first heap   total 65536K, used 49336K [0x00000000a0000000, 0x0000000100000000)
  region size 1024K, 26 young (26624K), 3 survivors (3072K)
 Metaspace       used 42007K, committed 42368K, reserved 1089536K
  class space    used 5634K, committed 5760K, reserved 1048576K
}
Event: 17.653 GC heap after
{Heap after GC invocations=11 (full 0):
 garbage-first heap   total 65536K, used 26887K [0x00000000a0000000, 0x0000000100000000)
  region size 1024K, 2 young (2048K), 2 survivors (2048K)
 Metaspace       used 42007K, committed 42368K, reserved 1089536K
  class space    used 5634K, committed 5760K, reserved 1048576K
}
Event: 19.492 GC heap before
{Heap before GC invocations=11 (full 0):
 garbage-first heap   total 65536K, used 49415K [0x00000000a0000000, 0x0000000100000000)
  region size 1024K, 24 young (24576K), 2 survivors (2048K)
 Metaspace       used 44536K, committed 44928K, reserved 1089536K
  class space    used 5950K, committed 6144K, reserved 1048576K
}
Event: 19.496 GC heap after
{Heap after GC invocations=12 (full 0):
 garbage-first heap   total 65536K, used 28062K [0x00000000a0000000, 0x0000000100000000)
  region size 1024K, 3 young (3072K), 3 survivors (3072K)
 Metaspace       used 44536K, committed 44928K, reserved 1089536K
  class space    used 5950K, committed 6144K, reserved 1048576K
}

