# JRE version: OpenJDK Runtime Environment (17.0.6) (build 17.0.6+0-b2043.56-10027231)
# Java VM: OpenJDK 64-Bit Server VM (17.0.6+0-b2043.56-10027231, mixed mode, tiered, compressed oops, compressed class ptrs, g1 gc, windows-amd64)
GC Precious Log:
 CPUs: 8 total, 8 available
 Memory: 8034M
 Large Page Support: Disabled
 NUMA Support: Disabled
 Compressed Oops: Enabled (32-bit)
 Heap Region Size: 1M
 Heap Min Capacity: 8M
 Heap Initial Capacity: 126M
 Heap Max Capacity: 1536M
 Pre-touch: Disabled
 Parallel Workers: 8
 Concurrent Workers: 2
 Concurrent Refinement Workers: 8
 Periodic GC: Disabled
Heap:
 garbage-first heap   total 217088K, used 161890K [0x00000000a0000000, 0x0000000100000000)
  region size 1024K, 4 young (4096K), 4 survivors (4096K)
 Metaspace       used 111586K, committed 112576K, reserved 1146880K
  class space    used 15169K, committed 15616K, reserved 1048576K
GC Heap History (20 events):
Event: 20.035 GC heap after
{Heap after GC invocations=39 (full 0):
 garbage-first heap   total 217088K, used 113379K [0x00000000a0000000, 0x0000000100000000)
  region size 1024K, 9 young (9216K), 9 survivors (9216K)
 Metaspace       used 92846K, committed 93696K, reserved 1130496K
  class space    used 12571K, committed 12928K, reserved 1048576K
}
Event: 21.529 GC heap before
{Heap before GC invocations=39 (full 0):
 garbage-first heap   total 217088K, used 168675K [0x00000000a0000000, 0x0000000100000000)
  region size 1024K, 64 young (65536K), 9 survivors (9216K)
 Metaspace       used 96314K, committed 97152K, reserved 1138688K
  class space    used 13023K, committed 13376K, reserved 1048576K
}
Event: 21.541 GC heap after
{Heap after GC invocations=40 (full 0):
 garbage-first heap   total 217088K, used 120068K [0x00000000a0000000, 0x0000000100000000)
  region size 1024K, 6 young (6144K), 6 survivors (6144K)
 Metaspace       used 96314K, committed 97152K, reserved 1138688K
  class space    used 13023K, committed 13376K, reserved 1048576K
}
Event: 27.759 GC heap before
{Heap before GC invocations=40 (full 0):
 garbage-first heap   total 217088K, used 173316K [0x00000000a0000000, 0x0000000100000000)
  region size 1024K, 58 young (59392K), 6 survivors (6144K)
 Metaspace       used 97867K, committed 98816K, reserved 1138688K
  class space    used 13317K, committed 13760K, reserved 1048576K
}
Event: 27.771 GC heap after
{Heap after GC invocations=41 (full 0):
 garbage-first heap   total 217088K, used 125165K [0x00000000a0000000, 0x0000000100000000)
  region size 1024K, 5 young (5120K), 5 survivors (5120K)
 Metaspace       used 97867K, committed 98816K, reserved 1138688K
  class space    used 13317K, committed 13760K, reserved 1048576K
}
Event: 29.209 GC heap before
{Heap before GC invocations=41 (full 0):
 garbage-first heap   total 217088K, used 175341K [0x00000000a0000000, 0x0000000100000000)
  region size 1024K, 55 young (56320K), 5 survivors (5120K)
 Metaspace       used 98983K, committed 99904K, reserved 1138688K
  class space    used 13454K, committed 13888K, reserved 1048576K
}
Event: 29.217 GC heap after
{Heap after GC invocations=42 (full 0):
 garbage-first heap   total 217088K, used 128880K [0x00000000a0000000, 0x0000000100000000)
  region size 1024K, 4 young (4096K), 4 survivors (4096K)
 Metaspace       used 98983K, committed 99904K, reserved 1138688K
  class space    used 13454K, committed 13888K, reserved 1048576K
}
Event: 29.973 GC heap before
{Heap before GC invocations=42 (full 0):
 garbage-first heap   total 217088K, used 178032K [0x00000000a0000000, 0x0000000100000000)
  region size 1024K, 53 young (54272K), 4 survivors (4096K)
 Metaspace       used 102351K, committed 103296K, reserved 1138688K
  class space    used 13928K, committed 14336K, reserved 1048576K
}
Event: 29.981 GC heap after
{Heap after GC invocations=43 (full 0):
 garbage-first heap   total 217088K, used 132412K [0x00000000a0000000, 0x0000000100000000)
  region size 1024K, 4 young (4096K), 4 survivors (4096K)
 Metaspace       used 102351K, committed 103296K, reserved 1138688K
  class space    used 13928K, committed 14336K, reserved 1048576K
}
Event: 31.042 GC heap before
{Heap before GC invocations=43 (full 0):
 garbage-first heap   total 217088K, used 179516K [0x00000000a0000000, 0x0000000100000000)
  region size 1024K, 51 young (52224K), 4 survivors (4096K)
 Metaspace       used 106980K, committed 107968K, reserved 1146880K
  class space    used 14484K, committed 14912K, reserved 1048576K
}
Event: 31.052 GC heap after
{Heap after GC invocations=44 (full 0):
 garbage-first heap   total 217088K, used 136572K [0x00000000a0000000, 0x0000000100000000)
  region size 1024K, 7 young (7168K), 7 survivors (7168K)
 Metaspace       used 106980K, committed 107968K, reserved 1146880K
  class space    used 14484K, committed 14912K, reserved 1048576K
}
Event: 31.244 GC heap before
{Heap before GC invocations=44 (full 0):
 garbage-first heap   total 217088K, used 188796K [0x00000000a0000000, 0x0000000100000000)
  region size 1024K, 51 young (52224K), 7 survivors (7168K)
 Metaspace       used 107609K, committed 108608K, reserved 1146880K
  class space    used 14590K, committed 15040K, reserved 1048576K
}
Event: 31.257 GC heap after
{Heap after GC invocations=45 (full 0):
 garbage-first heap   total 217088K, used 143975K [0x00000000a0000000, 0x0000000100000000)
  region size 1024K, 6 young (6144K), 6 survivors (6144K)
 Metaspace       used 107609K, committed 108608K, reserved 1146880K
  class space    used 14590K, committed 15040K, reserved 1048576K
}
Event: 31.363 GC heap before
{Heap before GC invocations=45 (full 0):
 garbage-first heap   total 217088K, used 180839K [0x00000000a0000000, 0x0000000100000000)
  region size 1024K, 43 young (44032K), 6 survivors (6144K)
 Metaspace       used 108349K, committed 109376K, reserved 1146880K
  class space    used 14698K, committed 15168K, reserved 1048576K
}
Event: 31.371 GC heap after
{Heap after GC invocations=46 (full 0):
 garbage-first heap   total 217088K, used 151264K [0x00000000a0000000, 0x0000000100000000)
  region size 1024K, 6 young (6144K), 6 survivors (6144K)
 Metaspace       used 108349K, committed 109376K, reserved 1146880K
  class space    used 14698K, committed 15168K, reserved 1048576K
}
Event: 31.491 GC heap before
{Heap before GC invocations=46 (full 0):
 garbage-first heap   total 217088K, used 181984K [0x00000000a0000000, 0x0000000100000000)
  region size 1024K, 37 young (37888K), 6 survivors (6144K)
 Metaspace       used 109129K, committed 110080K, reserved 1146880K
  class space    used 14811K, committed 15232K, reserved 1048576K
}
Event: 31.497 GC heap after
{Heap after GC invocations=47 (full 0):
 garbage-first heap   total 217088K, used 157584K [0x00000000a0000000, 0x0000000100000000)
  region size 1024K, 5 young (5120K), 5 survivors (5120K)
 Metaspace       used 109129K, committed 110080K, reserved 1146880K
  class space    used 14811K, committed 15232K, reserved 1048576K
}
Event: 31.653 GC heap before
{Heap before GC invocations=47 (full 0):
 garbage-first heap   total 217088K, used 181136K [0x00000000a0000000, 0x0000000100000000)
  region size 1024K, 29 young (29696K), 5 survivors (5120K)
 Metaspace       used 110432K, committed 111424K, reserved 1146880K
  class space    used 15014K, committed 15488K, reserved 1048576K
}
Event: 31.658 GC heap after
{Heap after GC invocations=48 (full 0):
 garbage-first heap   total 217088K, used 159658K [0x00000000a0000000, 0x0000000100000000)
  region size 1024K, 4 young (4096K), 4 survivors (4096K)
 Metaspace       used 110432K, committed 111424K, reserved 1146880K
  class space    used 15014K, committed 15488K, reserved 1048576K
}
Event: 31.817 GC heap before
{Heap before GC invocations=48 (full 0):
 garbage-first heap   total 217088K, used 182186K [0x00000000a0000000, 0x0000000100000000)
  region size 1024K, 26 young (26624K), 4 survivors (4096K)
 Metaspace       used 111586K, committed 112576K, reserved 1146880K
  class space    used 15169K, committed 15616K, reserved 1048576K
}

